<?xml version="1.0" encoding="UTF-8"?>
<!-- Generated by org.testng.reporters.JUnitReportReporter -->
<testsuite hostname="Nandha" failures="0" tests="3" name="org.tem.CrossSample" time="85.740" errors="0" timestamp="2023-04-27T10:11:30 IST" skipped="0">
  <testcase classname="org.tem.CrossSample" name="tc1" time="33.884"/>
  <system-out/>
  <testcase classname="org.tem.CrossSample" name="tc1" time="20.632"/>
  <system-out/>
  <testcase classname="org.tem.CrossSample" name="tc1" time="31.224"/>
  <system-out/>
</testsuite> <!-- org.tem.CrossSample -->
