<?xml version="1.0" encoding="UTF-8"?>
<!-- Generated by org.testng.reporters.JUnitReportReporter -->
<testsuite hostname="Nandha" failures="0" tests="3" name="org.ten.TestNg11A" time="116.115" errors="0" timestamp="2023-04-26T19:36:09 IST" skipped="0">
  <testcase classname="org.ten.TestNg11A" name="tc1" time="20.790"/>
  <system-out/>
  <testcase classname="org.ten.TestNg11A" name="tc3" time="15.045"/>
  <system-out/>
  <testcase classname="org.ten.TestNg11A" name="tc2" time="80.280"/>
  <system-out/>
</testsuite> <!-- org.ten.TestNg11A -->
