<?xml version="1.0" encoding="UTF-8"?>
<!-- Generated by org.testng.reporters.JUnitReportReporter -->
<testsuite hostname="Nandha" failures="0" tests="3" name="org.ten.TestNg11C" time="121.441" errors="0" timestamp="2023-04-26T19:36:09 IST" skipped="0">
  <testcase classname="org.ten.TestNg11C" name="tc4" time="10.872"/>
  <system-out/>
  <testcase classname="org.ten.TestNg11C" name="tc6" time="55.811"/>
  <system-out/>
  <testcase classname="org.ten.TestNg11C" name="tc5" time="54.758"/>
  <system-out/>
</testsuite> <!-- org.ten.TestNg11C -->
