<?xml version="1.0" encoding="UTF-8"?>
<!-- Generated by org.testng.reporters.JUnitReportReporter -->
<testsuite hostname="Nandha" failures="0" tests="3" name="org.ten.TestNg10One" time="57.851" errors="0" timestamp="2023-04-26T19:09:10 IST" skipped="0">
  <testcase classname="org.ten.TestNg10One" name="tc1" time="17.526"/>
  <system-out/>
  <testcase classname="org.ten.TestNg10One" name="tc3" time="6.342"/>
  <system-out/>
  <testcase classname="org.ten.TestNg10One" name="tc2" time="33.983"/>
  <system-out/>
</testsuite> <!-- org.ten.TestNg10One -->
