<?xml version="1.0" encoding="UTF-8"?>
<!-- Generated by org.testng.reporters.JUnitReportReporter -->
<testsuite hostname="Nandha" failures="0" tests="5" name="org.ten.TestNg3" time="5.212" errors="0" timestamp="2023-04-26T12:44:05 IST" skipped="1">
  <testcase classname="org.ten.TestNg3" name="tc1" time="0.779"/>
  <system-out/>
  <testcase classname="org.ten.TestNg3" name="tc9" time="2.520"/>
  <system-out/>
  <testcase classname="org.ten.TestNg3" name="tc1" time="0.719"/>
  <system-out/>
  <testcase classname="org.ten.TestNg3" name="tc1" time="1.194"/>
  <system-out/>
  <testcase classname="org.ten.TestNg3" name="tc5">
    <skipped/>
  </testcase> <!-- tc5 -->
  <system-out/>
</testsuite> <!-- org.ten.TestNg3 -->
