<?xml version="1.0" encoding="UTF-8"?>
<!-- Generated by org.testng.reporters.JUnitReportReporter -->
<testsuite hostname="Nandha" failures="0" tests="3" name="org.ten.B5" time="0.006" errors="0" timestamp="2023-04-26T13:02:37 IST" skipped="0">
  <testcase classname="org.ten.B5" name="tc11" time="0.003"/>
  <system-out/>
  <testcase classname="org.ten.B5" name="tc22" time="0.003"/>
  <system-out/>
  <testcase classname="org.ten.B5" name="tc33" time="0.000"/>
  <system-out/>
</testsuite> <!-- org.ten.B5 -->
