<?xml version="1.0" encoding="UTF-8"?>
<!-- Generated by org.testng.reporters.JUnitReportReporter -->
<testsuite hostname="Nandha" failures="0" tests="5" name="org.ten.A5" time="4.876" errors="0" timestamp="2023-04-26T13:02:37 IST" skipped="1">
  <testcase classname="org.ten.A5" name="tc9" time="2.247"/>
  <system-out/>
  <testcase classname="org.ten.A5" name="tc1" time="1.054"/>
  <system-out/>
  <testcase classname="org.ten.A5" name="tc1" time="0.738"/>
  <system-out/>
  <testcase classname="org.ten.A5" name="tc1" time="0.837"/>
  <system-out/>
  <testcase classname="org.ten.A5" name="tc5">
    <skipped/>
  </testcase> <!-- tc5 -->
  <system-out/>
</testsuite> <!-- org.ten.A5 -->
