<?xml version="1.0" encoding="UTF-8"?>
<!-- Generated by org.testng.reporters.JUnitReportReporter -->
<testsuite hostname="Nandha" failures="0" tests="3" name="org.ten.TestNg2" time="0.007" errors="0" timestamp="2023-04-26T12:28:56 IST" skipped="0">
  <testcase classname="org.ten.TestNg2" name="tc9" time="0.001"/>
  <system-out/>
  <testcase classname="org.ten.TestNg2" name="tc1" time="0.005"/>
  <system-out/>
  <testcase classname="org.ten.TestNg2" name="tc5" time="0.001"/>
  <system-out/>
</testsuite> <!-- org.ten.TestNg2 -->
