<?xml version="1.0" encoding="UTF-8"?>
<!-- Generated by org.testng.reporters.JUnitReportReporter -->
<testsuite hostname="Nandha" failures="0" tests="10" name="org.ten.TestNg8" time="50.621" errors="0" timestamp="2023-04-26T16:22:41 IST" skipped="1">
  <testcase classname="org.ten.TestNg8" name="tc9" time="2.191"/>
  <system-out/>
  <testcase classname="org.ten.TestNg8" name="tc1" time="0.702"/>
  <system-out/>
  <testcase classname="org.ten.TestNg8" name="tc9" time="26.309"/>
  <system-out/>
  <testcase classname="org.ten.TestNg8" name="tc9" time="2.921"/>
  <system-out/>
  <testcase classname="org.ten.TestNg8" name="tc1" time="1.171"/>
  <system-out/>
  <testcase classname="org.ten.TestNg8" name="tc9" time="6.784"/>
  <system-out/>
  <testcase classname="org.ten.TestNg8" name="tc1" time="4.089"/>
  <system-out/>
  <testcase classname="org.ten.TestNg8" name="tc9" time="5.657"/>
  <system-out/>
  <testcase classname="org.ten.TestNg8" name="tc1" time="0.797"/>
  <system-out/>
  <testcase classname="org.ten.TestNg8" name="tc5">
    <skipped/>
  </testcase> <!-- tc5 -->
  <system-out/>
</testsuite> <!-- org.ten.TestNg8 -->
