<?xml version="1.0" encoding="UTF-8"?>
<!-- Generated by org.testng.reporters.JUnitReportReporter -->
<testsuite hostname="Nandha" failures="0" tests="7" name="org.ten.A8" time="0.019" errors="0" timestamp="2023-04-26T16:32:10 IST" skipped="0">
  <testcase classname="org.ten.A8" name="tc22" time="0.001"/>
  <system-out/>
  <testcase classname="org.ten.A8" name="tc33" time="0.003"/>
  <system-out/>
  <testcase classname="org.ten.A8" name="tc11" time="0.007"/>
  <system-out/>
  <testcase classname="org.ten.A8" name="tc33" time="0.000"/>
  <system-out/>
  <testcase classname="org.ten.A8" name="tc33" time="0.003"/>
  <system-out/>
  <testcase classname="org.ten.A8" name="tc33" time="0.004"/>
  <system-out/>
  <testcase classname="org.ten.A8" name="tc33" time="0.001"/>
  <system-out/>
</testsuite> <!-- org.ten.A8 -->
