<?xml version="1.0" encoding="UTF-8"?>
<!-- Generated by org.testng.reporters.JUnitReportReporter -->
<testsuite hostname="Nandha" failures="0" tests="3" name="org.ten.TestNg11B" time="59.513" errors="0" timestamp="2023-04-26T19:36:09 IST" skipped="0">
  <testcase classname="org.ten.TestNg11B" name="tc4" time="7.901"/>
  <system-out/>
  <testcase classname="org.ten.TestNg11B" name="tc5" time="5.903"/>
  <system-out/>
  <testcase classname="org.ten.TestNg11B" name="tc6" time="45.709"/>
  <system-out/>
</testsuite> <!-- org.ten.TestNg11B -->
