<?xml version="1.0" encoding="UTF-8"?>
<!-- Generated by org.testng.reporters.JUnitReportReporter -->
<testsuite hostname="Nandha" failures="0" tests="7" name="org.ten.TestNg4" time="0.007" errors="0" timestamp="2023-04-26T12:50:51 IST" skipped="0">
  <testcase classname="org.ten.TestNg4" name="tc4" time="0.005"/>
  <system-out/>
  <testcase classname="org.ten.TestNg4" name="tc1" time="0.000"/>
  <system-out/>
  <testcase classname="org.ten.TestNg4" name="tc6" time="0.001"/>
  <system-out/>
  <testcase classname="org.ten.TestNg4" name="tc2" time="0.000"/>
  <system-out/>
  <testcase classname="org.ten.TestNg4" name="tc5" time="0.000"/>
  <system-out/>
  <testcase classname="org.ten.TestNg4" name="tc7" time="0.000"/>
  <system-out/>
  <testcase classname="org.ten.TestNg4" name="tc3" time="0.001"/>
  <system-out/>
</testsuite> <!-- org.ten.TestNg4 -->
