<?xml version="1.0" encoding="UTF-8"?>
<!-- Generated by org.testng.reporters.JUnitReportReporter -->
<testsuite hostname="Nandha" failures="0" tests="3" name="org.ten.TestNg6" time="12.929" errors="0" timestamp="2023-04-26T15:49:24 IST" skipped="1">
  <testcase classname="org.ten.TestNg6" name="tc1" time="4.389"/>
  <system-out/>
  <testcase classname="org.ten.TestNg6" name="tc9" time="8.540"/>
  <system-out/>
  <testcase classname="org.ten.TestNg6" name="tc5">
    <skipped/>
  </testcase> <!-- tc5 -->
  <system-out/>
</testsuite> <!-- org.ten.TestNg6 -->
