<?xml version="1.0" encoding="UTF-8"?>
<!-- Generated by org.testng.reporters.JUnitReportReporter -->
<testsuite hostname="Nandha" failures="0" tests="6" name="org.ten.TestNg7" time="21.400" errors="0" timestamp="2023-04-26T16:04:24 IST" skipped="1">
  <testcase classname="org.ten.TestNg7" name="tc1" time="0.721"/>
  <system-out/>
  <testcase classname="org.ten.TestNg7" name="tc1" time="0.952"/>
  <system-out/>
  <testcase classname="org.ten.TestNg7" name="tc9" time="16.578"/>
  <system-out/>
  <testcase classname="org.ten.TestNg7" name="tc1" time="2.183"/>
  <system-out/>
  <testcase classname="org.ten.TestNg7" name="tc1" time="0.966"/>
  <system-out/>
  <testcase classname="org.ten.TestNg7" name="tc5">
    <skipped/>
  </testcase> <!-- tc5 -->
  <system-out/>
</testsuite> <!-- org.ten.TestNg7 -->
